<?xml version="1.0" encoding="UTF-8"?>
<!-- Generated by org.testng.reporters.JUnitReportReporter -->
<testsuite hostname="Abhi" failures="0" tests="1" name="test_scripts.TC_24" time="31.946" errors="0" timestamp="2024-04-11T11:42:01 IST" skipped="0">
  <testcase classname="test_scripts.TC_24" name="add_tc_name" time="31.946"/>
</testsuite> <!-- test_scripts.TC_24 -->
