<?xml version="1.0" encoding="UTF-8"?>
<!-- Generated by org.testng.reporters.JUnitReportReporter -->
<testsuite hostname="Abhi" failures="0" tests="1" name="test_scripts.TC_18" time="33.757" errors="0" timestamp="2024-04-08T19:19:10 IST" skipped="0">
  <testcase classname="test_scripts.TC_18" name="add_tc_name" time="33.757"/>
</testsuite> <!-- test_scripts.TC_18 -->
