<?xml version="1.0" encoding="UTF-8"?>
<!-- Generated by org.testng.reporters.JUnitReportReporter -->
<testsuite hostname="Abhi" failures="0" tests="1" name="test_scripts.TC_7" time="17.029" errors="0" timestamp="2024-04-06T09:23:32 IST" skipped="0">
  <testcase classname="test_scripts.TC_7" name="search_product" time="17.029"/>
</testsuite> <!-- test_scripts.TC_7 -->
