<?xml version="1.0" encoding="UTF-8"?>
<!-- Generated by org.testng.reporters.JUnitReportReporter -->
<testsuite hostname="Abhi" failures="0" tests="1" name="test_scripts.TC_17" time="60.038" errors="0" timestamp="2024-04-08T17:44:26 IST" skipped="0">
  <testcase classname="test_scripts.TC_17" name="add_tc_name" time="60.038"/>
</testsuite> <!-- test_scripts.TC_17 -->
