<?xml version="1.0" encoding="UTF-8"?>
<!-- Generated by org.testng.reporters.JUnitReportReporter -->
<testsuite hostname="Abhi" failures="0" tests="1" name="test_scripts.TC_12" time="53.377" errors="0" timestamp="2024-04-11T14:56:12 IST" skipped="0">
  <testcase classname="test_scripts.TC_12" name="register_user" time="53.377"/>
</testsuite> <!-- test_scripts.TC_12 -->
