<?xml version="1.0" encoding="UTF-8"?>
<!-- Generated by org.testng.reporters.JUnitReportReporter -->
<testsuite hostname="Abhi" failures="0" tests="1" name="test_scripts.TC_11" time="17.735" errors="0" timestamp="2024-04-06T14:29:46 IST" skipped="0">
  <testcase classname="test_scripts.TC_11" name="register_user" time="17.735"/>
</testsuite> <!-- test_scripts.TC_11 -->
