<?xml version="1.0" encoding="UTF-8"?>
<!-- Generated by org.testng.reporters.JUnitReportReporter -->
<testsuite hostname="Abhi" failures="0" tests="1" name="test_scripts.Script_1" time="29.734" errors="0" timestamp="2024-04-04T13:19:27 IST" skipped="0">
  <testcase classname="test_scripts.Script_1" name="register_user" time="29.734"/>
</testsuite> <!-- test_scripts.Script_1 -->
