<?xml version="1.0" encoding="UTF-8"?>
<!-- Generated by org.testng.reporters.JUnitReportReporter -->
<testsuite hostname="Abhi" failures="0" tests="1" name="test_scripts.TC_16" time="41.094" errors="0" timestamp="2024-04-07T16:34:25 IST" skipped="0">
  <testcase classname="test_scripts.TC_16" name="register_user" time="41.094"/>
</testsuite> <!-- test_scripts.TC_16 -->
