<?xml version="1.0" encoding="UTF-8"?>
<!-- Generated by org.testng.reporters.JUnitReportReporter -->
<testsuite hostname="Abhi" failures="0" tests="1" name="test_scripts.TC_13" time="31.278" errors="0" timestamp="2024-04-11T15:19:46 IST" skipped="0">
  <testcase classname="test_scripts.TC_13" name="register_user" time="31.278"/>
</testsuite> <!-- test_scripts.TC_13 -->
