<?xml version="1.0" encoding="UTF-8"?>
<!-- Generated by org.testng.reporters.JUnitReportReporter -->
<testsuite hostname="Abhi" failures="0" tests="1" name="test_scripts.TC_21" time="65.804" errors="0" timestamp="2024-04-10T16:54:57 IST" skipped="0">
  <testcase classname="test_scripts.TC_21" name="add_tc_name" time="65.804"/>
</testsuite> <!-- test_scripts.TC_21 -->
