<?xml version="1.0" encoding="UTF-8"?>
<!-- Generated by org.testng.reporters.JUnitReportReporter -->
<testsuite hostname="Abhi" failures="0" tests="1" name="test_scripts.TC_25" time="38.291" errors="0" timestamp="2024-04-11T12:59:48 IST" skipped="0">
  <testcase classname="test_scripts.TC_25" name="add_tc_name" time="38.291"/>
</testsuite> <!-- test_scripts.TC_25 -->
