<?xml version="1.0" encoding="UTF-8"?>
<!-- Generated by org.testng.reporters.JUnitReportReporter -->
<testsuite hostname="Abhi" failures="0" tests="1" name="test_scripts.TC_1" time="22.664" errors="0" timestamp="2024-04-04T17:39:37 IST" skipped="0">
  <testcase classname="test_scripts.TC_1" name="register_user" time="22.664"/>
</testsuite> <!-- test_scripts.TC_1 -->
