<?xml version="1.0" encoding="UTF-8"?>
<!-- Generated by org.testng.reporters.JUnitReportReporter -->
<testsuite hostname="Abhi" failures="0" tests="1" name="test_scripts.TC_3" time="16.553" errors="0" timestamp="2024-04-05T13:10:43 IST" skipped="0">
  <testcase classname="test_scripts.TC_3" name="register_user" time="16.553"/>
</testsuite> <!-- test_scripts.TC_3 -->
