<?xml version="1.0" encoding="UTF-8"?>
<!-- Generated by org.testng.reporters.JUnitReportReporter -->
<testsuite hostname="Abhi" failures="0" tests="1" name="test_scripts.TC_5" time="25.429" errors="0" timestamp="2024-04-05T14:44:58 IST" skipped="0">
  <testcase classname="test_scripts.TC_5" name="Login_with_correct_mail_and_pass" time="25.429"/>
</testsuite> <!-- test_scripts.TC_5 -->
