<?xml version="1.0" encoding="UTF-8"?>
<!-- Generated by org.testng.reporters.JUnitReportReporter -->
<testsuite hostname="Abhi" failures="0" tests="1" name="test_scripts.TC_4" time="21.484" errors="0" timestamp="2024-04-05T13:23:54 IST" skipped="0">
  <testcase classname="test_scripts.TC_4" name="register_user" time="21.484"/>
</testsuite> <!-- test_scripts.TC_4 -->
