<?xml version="1.0" encoding="UTF-8"?>
<!-- Generated by org.testng.reporters.JUnitReportReporter -->
<testsuite hostname="Abhi" failures="0" tests="1" name="test_scripts.TC_22" time="41.165" errors="0" timestamp="2024-04-10T17:23:29 IST" skipped="0">
  <testcase classname="test_scripts.TC_22" name="add_tc_name" time="41.165"/>
</testsuite> <!-- test_scripts.TC_22 -->
