<?xml version="1.0" encoding="UTF-8"?>
<!-- Generated by org.testng.reporters.JUnitReportReporter -->
<testsuite hostname="Abhi" failures="0" tests="1" name="test_scripts.TC_23" time="57.814" errors="0" timestamp="2024-04-10T18:54:53 IST" skipped="0">
  <testcase classname="test_scripts.TC_23" name="add_tc_name" time="57.814"/>
</testsuite> <!-- test_scripts.TC_23 -->
