<?xml version="1.0" encoding="UTF-8"?>
<!-- Generated by org.testng.reporters.JUnitReportReporter -->
<testsuite hostname="Abhi" failures="0" tests="1" name="test_scripts.TC_10" time="35.910" errors="0" timestamp="2024-04-07T16:47:20 IST" skipped="0">
  <testcase classname="test_scripts.TC_10" name="register_user" time="35.910"/>
</testsuite> <!-- test_scripts.TC_10 -->
