<?xml version="1.0" encoding="UTF-8"?>
<!-- Generated by org.testng.reporters.JUnitReportReporter -->
<testsuite hostname="Abhi" failures="0" tests="1" name="test_scripts.TC_8" time="24.682" errors="0" timestamp="2024-04-06T09:21:16 IST" skipped="0">
  <testcase classname="test_scripts.TC_8" name="search_product" time="24.682"/>
</testsuite> <!-- test_scripts.TC_8 -->
