<?xml version="1.0" encoding="UTF-8"?>
<!-- Generated by org.testng.reporters.JUnitReportReporter -->
<testsuite hostname="Abhi" failures="0" tests="1" name="test_scripts.TC_6" time="12.269" errors="0" timestamp="2024-04-05T16:46:11 IST" skipped="0">
  <testcase classname="test_scripts.TC_6" name="register_user" time="12.269"/>
</testsuite> <!-- test_scripts.TC_6 -->
