<?xml version="1.0" encoding="UTF-8"?>
<!-- Generated by org.testng.reporters.JUnitReportReporter -->
<testsuite hostname="Abhi" failures="0" tests="1" name="test_scripts.TC_15" time="33.693" errors="0" timestamp="2024-04-07T13:03:28 IST" skipped="0">
  <testcase classname="test_scripts.TC_15" name="register_user" time="33.693"/>
</testsuite> <!-- test_scripts.TC_15 -->
